### ISSUE TITLE
Possible unhandled NULL in src/Core/PackageKitBackend.vala#L1055 returned by `libpackagekit-glib2`

### ISSUE THREAD

**Issue by ptef** [pop-os/shop#458]
Hi,

I believe in some cases `var name = package.component.get_pkgnames ()[0];` function can return NULL in [src/Core/PackageKitBackend.vala#L1055](https://github.com/pop-os/shop/blob/master_jammy/src/Core/PackageKitBackend.vala#L1055)
which made me cause all [this trouble here](https://github.com/PackageKit/PackageKit/issues/871) (my bad)

This will SIGSEGV later inside `libpackagekit-glib2` due to an unhandled `GLib.Error` exception:

```c
(gdb) x/64i $pc - 0x95
   0x7ffff6c7e87b <pk_results_get_error_code+91>:	rcrl   %cl,0x1(%rbx)
   0x7ffff6c7e87e <pk_results_get_error_code+94>:	add    %cl,-0x73(%rax)
   0x7ffff6c7e881 <pk_results_get_error_code+97>:	xor    $0x170aa,%eax
   0x7ffff6c7e886 <pk_results_get_error_code+102>:	lea    0xe3a3(%rip),%rdi        # 0x7ffff6c8cc30
   0x7ffff6c7e88d <pk_results_get_error_code+109>:	call   0x7ffff6c58cc0 <g_return_if_fail_warning@plt>
   0x7ffff6c7e892 <pk_results_get_error_code+114>:	xor    %eax,%eax
   0x7ffff6c7e894 <pk_results_get_error_code+116>:	pop    %rbx
   0x7ffff6c7e895 <pk_results_get_error_code+117>:	ret    
   0x7ffff6c7e896 <pk_results_get_error_code+118>:	cs nopw 0x0(%rax,%rax,1)
   0x7ffff6c7e8a0 <pk_results_get_error_code+128>:	call   0x7ffff6c6ce40 <pk_exit_enum_to_string>
   0x7ffff6c7e8a5 <pk_results_get_error_code+133>:	lea    0x15fec(%rip),%rdx        # 0x7ffff6c94898
   0x7ffff6c7e8ac <pk_results_get_error_code+140>:	mov    $0x10,%esi
   0x7ffff6c7e8b1 <pk_results_get_error_code+145>:	lea    0xe378(%rip),%rdi        # 0x7ffff6c8cc30
   0x7ffff6c7e8b8 <pk_results_get_error_code+152>:	mov    %rax,%rcx
   0x7ffff6c7e8bb <pk_results_get_error_code+155>:	xor    %eax,%eax
   0x7ffff6c7e8bd <pk_results_get_error_code+157>:	call   0x7ffff6c59470 <g_log@plt>
   0x7ffff6c7e8c2 <pk_results_get_error_code+162>:	jmp    0x7ffff6c7e870 <pk_results_get_error_code+80>
   0x7ffff6c7e8c4:	data16 cs nopw 0x0(%rax,%rax,1)
   0x7ffff6c7e8cf:	nop
   0x7ffff6c7e8d0 <pk_results_get_package_array>:	endbr64 
   0x7ffff6c7e8d4 <pk_results_get_package_array+4>:	push   %rbx
   0x7ffff6c7e8d5 <pk_results_get_package_array+5>:	mov    %rdi,%rbx
   0x7ffff6c7e8d8 <pk_results_get_package_array+8>:	call   0x7ffff6c7b4f0 <pk_results_get_type>
   0x7ffff6c7e8dd <pk_results_get_package_array+13>:	test   %rbx,%rbx
   0x7ffff6c7e8e0 <pk_results_get_package_array+16>:	je     0x7ffff6c7e910 <pk_results_get_package_array+64>
   0x7ffff6c7e8e2 <pk_results_get_package_array+18>:	mov    %rax,%rsi
   0x7ffff6c7e8e5 <pk_results_get_package_array+21>:	mov    (%rbx),%rax
   0x7ffff6c7e8e8 <pk_results_get_package_array+24>:	test   %rax,%rax
   0x7ffff6c7e8eb <pk_results_get_package_array+27>:	je     0x7ffff6c7e8f2 <pk_results_get_package_array+34>
   0x7ffff6c7e8ed <pk_results_get_package_array+29>:	cmp    %rsi,(%rax)
   0x7ffff6c7e8f0 <pk_results_get_package_array+32>:	je     0x7ffff6c7e8fe <pk_results_get_package_array+46>
   0x7ffff6c7e8f2 <pk_results_get_package_array+34>:	mov    %rbx,%rdi
   0x7ffff6c7e8f5 <pk_results_get_package_array+37>:	call   0x7ffff6c58e30 <g_type_check_instance_is_a@plt>
   0x7ffff6c7e8fa <pk_results_get_package_array+42>:	test   %eax,%eax
   0x7ffff6c7e8fc <pk_results_get_package_array+44>:	je     0x7ffff6c7e910 <pk_results_get_package_array+64>
   0x7ffff6c7e8fe <pk_results_get_package_array+46>:	mov    0x18(%rbx),%rax
   0x7ffff6c7e902 <pk_results_get_package_array+50>:	pop    %rbx
   0x7ffff6c7e903 <pk_results_get_package_array+51>:	mov    0x88(%rax),%rdi
   0x7ffff6c7e90a <pk_results_get_package_array+58>:	jmp    0x7ffff6c73b90 <pk_package_sack_get_array>
   0x7ffff6c7e90f <pk_results_get_package_array+63>:	nop
=> 0x7ffff6c7e910 <pk_results_get_package_array+64>:	lea    0x15b3b(%rip),%rdx        # 0x7ffff6c94452
   0x7ffff6c7e917 <pk_results_get_package_array+71>:	lea    0x16ff2(%rip),%rsi        # 0x7ffff6c95910 <__func__.13.lto_priv.5>
   0x7ffff6c7e91e <pk_results_get_package_array+78>:	lea    0xe30b(%rip),%rdi        # 0x7ffff6c8cc30
   0x7ffff6c7e925 <pk_results_get_package_array+85>:	call   0x7ffff6c58cc0 <g_return_if_fail_warning@plt>
   0x7ffff6c7e92a <pk_results_get_package_array+90>:	xor    %eax,%eax
   0x7ffff6c7e92c <pk_results_get_package_array+92>:	pop    %rbx
   0x7ffff6c7e92d <pk_results_get_package_array+93>:	ret    
   0x7ffff6c7e92e:	xchg   %ax,%ax
   0x7ffff6c7e930 <pk_task_get_type_once>:	push   %rbp
   0x7ffff6c7e931 <pk_task_get_type_once+1>:	lea    0x15bbb(%rip),%rdi        # 0x7ffff6c944f3
   0x7ffff6c7e938 <pk_task_get_type_once+8>:	call   0x7ffff6c58450 <g_intern_static_string@plt>
   0x7ffff6c7e93d <pk_task_get_type_once+13>:	mov    %rax,%rbp
   0x7ffff6c7e940 <pk_task_get_type_once+16>:	call   0x7ffff6c5b140 <pk_client_get_type>
   0x7ffff6c7e945 <pk_task_get_type_once+21>:	sub    $0x8,%rsp
   0x7ffff6c7e949 <pk_task_get_type_once+25>:	mov    $0x108,%edx
   0x7ffff6c7e94e <pk_task_get_type_once+30>:	mov    %rbp,%rsi
   0x7ffff6c7e951 <pk_task_get_type_once+33>:	push   $0x0
   0x7ffff6c7e953 <pk_task_get_type_once+35>:	mov    %rax,%rdi
   0x7ffff6c7e956 <pk_task_get_type_once+38>:	lea    -0x379d(%rip),%rcx        # 0x7ffff6c7b1c0 <pk_task_class_intern_init>
   0x7ffff6c7e95d <pk_task_get_type_once+45>:	lea    0x2cc(%rip),%r9        # 0x7ffff6c7ec30 <pk_task_init>
   0x7ffff6c7e964 <pk_task_get_type_once+52>:	mov    $0x28,%r8d
   0x7ffff6c7e96a <pk_task_get_type_once+58>:	call   0x7ffff6c59060 <g_type_register_static_simple@plt>
--Type <RET> for more, q to quit, c to continue without paging--q
Quit
(gdb) c
Continuing.

(io.elementary.appcenter:30558): PackageKit-WARNING **: 21:33:53.012: couldn't parse execption 'org.freedesktop.DBus.Error.UnknownMethod', please report

(io.elementary.appcenter:30558): PackageKit-CRITICAL **: 21:33:53.012: pk_results_get_package_array: assertion 'PK_IS_RESULTS (results)' failed

Thread 1 "io.elementary.a" received signal SIGSEGV, Segmentation fault.
0x00005555555cf9e3 in ?? ()
(gdb) x/64i $pc - 0x95
   0x5555555cf94e:	(bad)  
   0x5555555cf950:	(bad)  
   0x5555555cf951:	incl   0x31(%rbp)
   0x5555555cf954:	rorb   $0xd,-0x73(%rax)
   0x5555555cf958:	add    %fs:(%rdx),%al
   0x5555555cf95b:	add    %bh,0xbcd(%rdx)
   0x5555555cf961:	xor    %edi,%edi
   0x5555555cf963:	lea    0x1e8de(%rip),%rsi        # 0x5555555ee248
   0x5555555cf96a:	call   0x555555573a70 <g_assertion_message_expr@plt>
   0x5555555cf96f:	nop
   0x5555555cf970:	endbr64 
   0x5555555cf974:	push   %r14
   0x5555555cf976:	push   %r13
   0x5555555cf978:	push   %r12
   0x5555555cf97a:	mov    %rdi,%r12
   0x5555555cf97d:	push   %rbp
   0x5555555cf97e:	push   %rbx
   0x5555555cf97f:	mov    (%rdi),%eax(gdb) x/64i $pc - 0x95
   0x7ffff6c7e87b <pk_results_get_error_code+91>:	rcrl   %cl,0x1(%rbx)
   0x7ffff6c7e87e <pk_results_get_error_code+94>:	add    %cl,-0x73(%rax)
   0x7ffff6c7e881 <pk_results_get_error_code+97>:	xor    $0x170aa,%eax
   0x7ffff6c7e886 <pk_results_get_error_code+102>:	lea    0xe3a3(%rip),%rdi        # 0x7ffff6c8cc30
   0x7ffff6c7e88d <pk_results_get_error_code+109>:	call   0x7ffff6c58cc0 <g_return_if_fail_warning@plt>
   0x7ffff6c7e892 <pk_results_get_error_code+114>:	xor    %eax,%eax
   0x7ffff6c7e894 <pk_results_get_error_code+116>:	pop    %rbx
   0x7ffff6c7e895 <pk_results_get_error_code+117>:	ret    
   0x7ffff6c7e896 <pk_results_get_error_code+118>:	cs nopw 0x0(%rax,%rax,1)
   0x7ffff6c7e8a0 <pk_results_get_error_code+128>:	call   0x7ffff6c6ce40 <pk_exit_enum_to_string>
   0x7ffff6c7e8a5 <pk_results_get_error_code+133>:	lea    0x15fec(%rip),%rdx        # 0x7ffff6c94898
   0x7ffff6c7e8ac <pk_results_get_error_code+140>:	mov    $0x10,%esi
   0x7ffff6c7e8b1 <pk_results_get_error_code+145>:	lea    0xe378(%rip),%rdi        # 0x7ffff6c8cc30
   0x7ffff6c7e8b8 <pk_results_get_error_code+152>:	mov    %rax,%rcx
   0x7ffff6c7e8bb <pk_results_get_error_code+155>:	xor    %eax,%eax
   0x7ffff6c7e8bd <pk_results_get_error_code+157>:	call   0x7ffff6c59470 <g_log@plt>
   0x7ffff6c7e8c2 <pk_results_get_error_code+162>:	jmp    0x7ffff6c7e870 <pk_results_get_error_code+80>
   0x7ffff6c7e8c4:	data16 cs nopw 0x0(%rax,%rax,1)
   0x7ffff6c7e8cf:	nop
   0x7ffff6c7e8d0 <pk_results_get_package_array>:	endbr64 
   0x7ffff6c7e8d4 <pk_results_get_package_array+4>:	push   %rbx
   0x7ffff6c7e8d5 <pk_results_get_package_array+5>:	mov    %rdi,%rbx
   0x7ffff6c7e8d8 <pk_results_get_package_array+8>:	call   0x7ffff6c7b4f0 <pk_results_get_type>
   0x7ffff6c7e8dd <pk_results_get_package_array+13>:	test   %rbx,%rbx
   0x7ffff6c7e8e0 <pk_results_get_package_array+16>:	je     0x7ffff6c7e910 <pk_results_get_package_array+64>
   0x7ffff6c7e8e2 <pk_results_get_package_array+18>:	mov    %rax,%rsi
   0x7ffff6c7e8e5 <pk_results_get_package_array+21>:	mov    (%rbx),%rax
   0x7ffff6c7e8e8 <pk_results_get_package_array+24>:	test   %rax,%rax
   0x7ffff6c7e8eb <pk_results_get_package_array+27>:	je     0x7ffff6c7e8f2 <pk_results_get_package_array+34>
   0x7ffff6c7e8ed <pk_results_get_package_array+29>:	cmp    %rsi,(%rax)
   0x7ffff6c7e8f0 <pk_results_get_package_array+32>:	je     0x7ffff6c7e8fe <pk_results_get_package_array+46>
   0x7ffff6c7e8f2 <pk_results_get_package_array+34>:	mov    %rbx,%rdi
   0x7ffff6c7e8f5 <pk_results_get_package_array+37>:	call   0x7ffff6c58e30 <g_type_check_instance_is_a@plt>
   0x7ffff6c7e8fa <pk_results_get_package_array+42>:	test   %eax,%eax
   0x7ffff6c7e8fc <pk_results_get_package_array+44>:	je     0x7ffff6c7e910 <pk_results_get_package_array+64>
   0x7ffff6c7e8fe <pk_results_get_package_array+46>:	mov    0x18(%rbx),%rax
   0x7ffff6c7e902 <pk_results_get_package_array+50>:	pop    %rbx
   0x7ffff6c7e903 <pk_results_get_package_array+51>:	mov    0x88(%rax),%rdi
   0x7ffff6c7e90a <pk_results_get_package_array+58>:	jmp    0x7ffff6c73b90 <pk_package_sack_get_array>
   0x7ffff6c7e90f <pk_results_get_package_array+63>:	nop
=> 0x7ffff6c7e910 <pk_results_get_package_array+64>:	lea    0x15b3b(%rip),%rdx        # 0x7ffff6c94452
   0x7ffff6c7e917 <pk_results_get_package_array+71>:	lea    0x16ff2(%rip),%rsi        # 0x7ffff6c95910 <__func__.13.lto_priv.5>
   0x7ffff6c7e91e <pk_results_get_package_array+78>:	lea    0xe30b(%rip),%rdi        # 0x7ffff6c8cc30
   0x7ffff6c7e925 <pk_results_get_package_array+85>:	call   0x7ffff6c58cc0 <g_return_if_fail_warning@plt>
   0x7ffff6c7e92a <pk_results_get_package_array+90>:	xor    %eax,%eax
   0x7ffff6c7e92c <pk_results_get_package_array+92>:	pop    %rbx
   0x7ffff6c7e92d <pk_results_get_package_array+93>:	ret    
   0x7ffff6c7e92e:	xchg   %ax,%ax
   0x7ffff6c7e930 <pk_task_get_type_once>:	push   %rbp
   0x7ffff6c7e931 <pk_task_get_type_once+1>:	lea    0x15bbb(%rip),%rdi        # 0x7ffff6c944f3
   0x7ffff6c7e938 <pk_task_get_type_once+8>:	call   0x7ffff6c58450 <g_intern_static_string@plt>
   0x7ffff6c7e93d <pk_task_get_type_once+13>:	mov    %rax,%rbp
   0x7ffff6c7e940 <pk_task_get_type_once+16>:	call   0x7ffff6c5b140 <pk_client_get_type>
   0x7ffff6c7e945 <pk_task_get_type_once+21>:	sub    $0x8,%rsp
   0x7ffff6c7e949 <pk_task_get_type_once+25>:	mov    $0x108,%edx
   0x7ffff6c7e94e <pk_task_get_type_once+30>:	mov    %rbp,%rsi
   0x7ffff6c7e951 <pk_task_get_type_once+33>:	push   $0x0
   0x7ffff6c7e953 <pk_task_get_type_once+35>:	mov    %rax,%rdi
   0x7ffff6c7e956 <pk_task_get_type_once+38>:	lea    -0x379d(%rip),%rcx        # 0x7ffff6c7b1c0 <pk_task_class_intern_init>
   0x7ffff6c7e95d <pk_task_get_type_once+45>:	lea    0x2cc(%rip),%r9        # 0x7ffff6c7ec30 <pk_task_init>
   0x7ffff6c7e964 <pk_task_get_type_once+52>:	mov    $0x28,%r8d
   0x7ffff6c7e96a <pk_task_get_type_once+58>:	call   0x7ffff6c59060 <g_type_register_static_simple@plt>
--Type <RET> for more, q to quit, c to continue without paging--q
Quit
(gdb) c
Continuing.

(io.elementary.appcenter:30558): PackageKit-WARNING **: 21:33:53.012: couldn't parse execption 'org.freedesktop.DBus.Error.UnknownMethod', please report

(io.elementary.appcenter:30558): PackageKit-CRITICAL **: 21:33:53.012: pk_results_get_package_array: assertion 'PK_IS_RESULTS (results)' failed

Thread 1 "io.elementary.a" received signal SIGSEGV, Segmentation fault.
0x00005555555cf9e3 in ?? ()
(gdb) x/64i $pc - 0x95
   0x5555555cf94e:	(bad)  
   0x5555555cf950:	(bad)  
   0x5555555cf951:	incl   0x31(%rbp)
   0x5555555cf954:	rorb   $0xd,-0x73(%rax)
   0x5555555cf958:	add    %fs:(%rdx),%al
   0x5555555cf95b:	add    %bh,0xbcd(%rdx)
   0x5555555cf961:	xor    %edi,%edi
   0x5555555cf963:	lea    0x1e8de(%rip),%rsi        # 0x5555555ee248
   0x5555555cf96a:	call   0x555555573a70 <g_assertion_message_expr@plt>
   0x5555555cf96f:	nop
   0x5555555cf970:	endbr64 
   0x5555555cf974:	push   %r14
   0x5555555cf976:	push   %r13
   0x5555555cf978:	push   %r12
   0x5555555cf97a:	mov    %rdi,%r12
   0x5555555cf97d:	push   %rbp
   0x5555555cf97e:	push   %rbx
   0x5555555cf97f:	mov    (%rdi),%eax
   0x5555555cf981:	test   %eax,%eax
   0x5555555cf983:	je     0x5555555cfce0
   0x5555555cf989:	cmp    $0x1,%eax
   0x5555555cf98c:	jne    0x5555555cfde3
   0x5555555cf992:	call   0x555555575350 <g_task_get_type@plt>
   0x5555555cf997:	mov    0x10(%r12),%rdi
   0x5555555cf99c:	mov    %rax,%rsi
   0x5555555cf99f:	call   0x555555573890 <g_type_check_instance_cast@plt>
   0x5555555cf9a4:	xor    %esi,%esi
   0x5555555cf9a6:	mov    %rax,%rdi
   0x5555555cf9a9:	call   0x555555574150 <g_task_propagate_pointer@plt>
   0x5555555cf9ae:	test   %rax,%rax
   0x5555555cf9b1:	je     0x5555555cfdac
   0x5555555cf9b7:	mov    0x30(%rax),%rdi
   0x5555555cf9bb:	movq   $0x0,0x30(%rax)
   0x5555555cf9c3:	mov    %rdi,0x50(%r12)
   0x5555555cf9c8:	mov    %rdi,0x48(%r12)
   0x5555555cf9cd:	mov    %rdi,0x60(%r12)
   0x5555555cf9d2:	call   0x555555575a90 <pk_results_get_package_array@plt>
   0x5555555cf9d7:	movl   $0x0,0x80(%r12)
=> 0x5555555cf9e3:	mov    0x8(%rax),%edx
   0x5555555cf9e6:	mov    %rax,0x68(%r12)
   0x5555555cf9eb:	mov    %rax,%r14
   0x5555555cf9ee:	mov    %rax,0x58(%r12)
   0x5555555cf9f3:	mov    %rax,0x70(%r12)
   0x5555555cf9f8:	mov    %rax,0x78(%r12)
   0x5555555cf9fd:	test   %edx,%edx
   0x5555555cf9ff:	je     0x5555555cfd80
   0x5555555cfa05:	call   0x555555597d40 <app_center_core_package_details_get_type>
   0x5555555cfa0a:	lea    0xb8(%r12),%r13
   0x5555555cfa12:	lea    0x164a4(%rip),%rbp        # 0x5555555e5ebd
   0x5555555cfa19:	mov    %rax,%rbx
   0x5555555cfa1c:	xor    %eax,%eax
   0x5555555cfa1e:	xchg   %ax,%ax
   0x5555555cfa20:	mov    (%r14),%rdx
   0x5555555cfa23:	mov    (%rdx,%rax,8),%rdi
   0x5555555cfa27:	mov    0x38(%r12),%rax
   0x5555555cfa2c:	mov    %rdi,0x88(%r12)
   0x5555555cfa34:	mov    %rdi,0x98(%r12)
   0x5555555cfa3c:	mov    %rax,0x90(%r12)
   0x5555555cfa44:	call   0x555555574280 <pk_package_get_name@plt>
   0x5555555cfa49:	mov    %rax,0xa0(%r12)
   0x5555555cfa51:	mov    %rax,%rdi
   0x5555555cfa54:	call   0x5555555735f0 <g_strdup@plt>
--Type <RET> for more, q to quit, c to continue without paging--q
Quit
(gdb) 
   0x5555555cf981:	test   %eax,%eax
   0x5555555cf983:	je     0x5555555cfce0
   0x5555555cf989:	cmp    $0x1,%eax
   0x5555555cf98c:	jne    0x5555555cfde3
   0x5555555cf992:	call   0x555555575350 <g_task_get_type@plt>
   0x5555555cf997:	mov    0x10(%r12),%rdi
   0x5555555cf99c:	mov    %rax,%rsi
   0x5555555cf99f:	call   0x555555573890 <g_type_check_instance_cast@plt>
   0x5555555cf9a4:	xor    %esi,%esi
   0x5555555cf9a6:	mov    %rax,%rdi
   0x5555555cf9a9:	call   0x555555574150 <g_task_propagate_pointer@plt>
   0x5555555cf9ae:	test   %rax,%rax
   0x5555555cf9b1:	je     0x5555555cfdac
   0x5555555cf9b7:	mov    0x30(%rax),%rdi
   0x5555555cf9bb:	movq   $0x0,0x30(%rax)
   0x5555555cf9c3:	mov    %rdi,0x50(%r12)
   0x5555555cf9c8:	mov    %rdi,0x48(%r12)
   0x5555555cf9cd:	mov    %rdi,0x60(%r12)
   0x5555555cf9d2:	call   0x555555575a90 <pk_results_get_package_array@plt>
   0x5555555cf9d7:	movl   $0x0,0x80(%r12)
=> 0x5555555cf9e3:	mov    0x8(%rax),%edx
   0x5555555cf9e6:	mov    %rax,0x68(%r12)
   0x5555555cf9eb:	mov    %rax,%r14
   0x5555555cf9ee:	mov    %rax,0x58(%r12)
   0x5555555cf9f3:	mov    %rax,0x70(%r12)
   0x5555555cf9f8:	mov    %rax,0x78(%r12)
   0x5555555cf9fd:	test   %edx,%edx
   0x5555555cf9ff:	je     0x5555555cfd80
   0x5555555cfa05:	call   0x555555597d40 <app_center_core_package_details_get_type>
   0x5555555cfa0a:	lea    0xb8(%r12),%r13
   0x5555555cfa12:	lea    0x164a4(%rip),%rbp        # 0x5555555e5ebd
   0x5555555cfa19:	mov    %rax,%rbx
   0x5555555cfa1c:	xor    %eax,%eax
   0x5555555cfa1e:	xchg   %ax,%ax
   0x5555555cfa20:	mov    (%r14),%rdx
   0x5555555cfa23:	mov    (%rdx,%rax,8),%rdi
   0x5555555cfa27:	mov    0x38(%r12),%rax
   0x5555555cfa2c:	mov    %rdi,0x88(%r12)
   0x5555555cfa34:	mov    %rdi,0x98(%r12)
   0x5555555cfa3c:	mov    %rax,0x90(%r12)
   0x5555555cfa44:	call   0x555555574280 <pk_package_get_name@plt>
   0x5555555cfa49:	mov    %rax,0xa0(%r12)
   0x5555555cfa51:	mov    %rax,%rdi
   0x5555555cfa54:	call   0x5555555735f0 <g_strdup@plt>
--Type <RET> for more, q to quit, c to continue without paging--q
Quit
(gdb) 
```

Details of my environment:

```sh
$ lsb_release -a
No LSB modules are available.
Distributor ID:	Pop
Description:	Pop!_OS 22.04 LTS
Release:	22.04
Codename:	jammy
